<?xml version="1.0" encoding="utf-8"?><testsuites name="pytest tests"><testsuite name="pytest" errors="0" failures="1" skipped="0" tests="13" time="12.770" timestamp="2026-04-16T22:19:33.988862+00:00" hostname="agent-env-aa5b0fac-eb4b-4a77-ac51-c6f35383d1fb"><testcase classname="backend.tests.test_public_feed_ai.TestPublicFeed" name="test_public_feed_returns_200" time="0.272" /><testcase classname="backend.tests.test_public_feed_ai.TestPublicFeed" name="test_public_feed_pagination" time="0.159" /><testcase classname="backend.tests.test_public_feed_ai.TestPublicFeed" name="test_public_feed_search_filter" time="0.195" /><testcase classname="backend.tests.test_public_feed_ai.TestPublicFeed" name="test_public_feed_sighting_structure" time="0.163" /><testcase classname="backend.tests.test_public_feed_ai.TestPublicFeed" name="test_public_feed_empty_search" time="0.153" /><testcase classname="backend.tests.test_public_feed_ai.TestPublicSighting" name="test_public_sighting_valid_share_id" time="0.244" /><testcase classname="backend.tests.test_public_feed_ai.TestPublicSighting" name="test_public_sighting_invalid_share_id" time="0.124" /><testcase classname="backend.tests.test_public_feed_ai.TestAISummary" name="test_ai_summary_requires_auth" time="0.118" /><testcase classname="backend.tests.test_public_feed_ai.TestAISummary" name="test_ai_summary_with_auth" time="9.774" /><testcase classname="backend.tests.test_public_feed_ai.TestAuthFlow" name="test_login_success" time="0.381"><failure message="AssertionError: Response should contain 'user'&#10;assert 'user' in {'auth_provider': 'email', 'email': 'demo@tracklog.com', 'is_profile_public': False, 'name': 'Demo User', ...}">backend/tests/test_public_feed_ai.py:169: in test_login_success
    assert "user" in data, "Response should contain 'user'"
E   AssertionError: Response should contain 'user'
E   assert 'user' in {'auth_provider': 'email', 'email': 'demo@tracklog.com', 'is_profile_public': False, 'name': 'Demo User', ...}</failure></testcase><testcase classname="backend.tests.test_public_feed_ai.TestAuthFlow" name="test_login_invalid_credentials" time="0.130" /><testcase classname="backend.tests.test_public_feed_ai.TestDashboardAPIs" name="test_stats_endpoint" time="0.403" /><testcase classname="backend.tests.test_public_feed_ai.TestDashboardAPIs" name="test_analytics_endpoint" time="0.434" /></testsuite></testsuites>