<?xml version="1.0" encoding="utf-8"?><testsuites name="pytest tests"><testsuite name="pytest" errors="0" failures="0" skipped="0" tests="19" time="7.285" timestamp="2026-04-06T10:38:47.491398+00:00" hostname="agent-env-aa5b0fac-eb4b-4a77-ac51-c6f35383d1fb"><testcase classname="backend.tests.test_auth_sightings.TestHealthCheck" name="test_health_endpoint" time="0.182" /><testcase classname="backend.tests.test_auth_sightings.TestAuthEndpoints" name="test_register_new_user" time="0.396" /><testcase classname="backend.tests.test_auth_sightings.TestAuthEndpoints" name="test_register_duplicate_email" time="0.448" /><testcase classname="backend.tests.test_auth_sightings.TestAuthEndpoints" name="test_login_with_demo_credentials" time="0.429" /><testcase classname="backend.tests.test_auth_sightings.TestAuthEndpoints" name="test_login_invalid_credentials" time="0.315" /><testcase classname="backend.tests.test_auth_sightings.TestAuthEndpoints" name="test_login_nonexistent_user" time="0.103" /><testcase classname="backend.tests.test_auth_sightings.TestProtectedRoutes" name="test_me_endpoint_without_auth" time="0.098" /><testcase classname="backend.tests.test_auth_sightings.TestProtectedRoutes" name="test_sightings_without_auth" time="0.146" /><testcase classname="backend.tests.test_auth_sightings.TestProtectedRoutes" name="test_sightings_stats_without_auth" time="0.115" /><testcase classname="backend.tests.test_auth_sightings.TestAuthenticatedFlow" name="test_get_current_user" time="0.367" /><testcase classname="backend.tests.test_auth_sightings.TestAuthenticatedFlow" name="test_logout" time="0.446" /><testcase classname="backend.tests.test_auth_sightings.TestSightingsCRUD" name="test_create_sighting" time="0.406" /><testcase classname="backend.tests.test_auth_sightings.TestSightingsCRUD" name="test_get_sightings_list" time="0.365" /><testcase classname="backend.tests.test_auth_sightings.TestSightingsCRUD" name="test_get_sighting_stats" time="0.362" /><testcase classname="backend.tests.test_auth_sightings.TestSightingsCRUD" name="test_create_and_delete_sighting" time="0.495" /><testcase classname="backend.tests.test_auth_sightings.TestSightingsCRUD" name="test_create_sighting_with_all_traction_types" time="0.594" /><testcase classname="backend.tests.test_auth_sightings.TestProfileManagement" name="test_update_profile_name" time="0.382" /><testcase classname="backend.tests.test_auth_sightings.TestProfileManagement" name="test_update_password" time="0.887" /><testcase classname="backend.tests.test_auth_sightings.TestProfileManagement" name="test_update_password_wrong_current" time="0.611" /></testsuite></testsuites>